INFO:root:========================= Starting program at 2025-10-27 22:50:38.517294
INFO:root:========================= Starting program at 24, 98
INFO:root:Refreshing ...
INFO:root:Refreshing ...
INFO:root:Refreshing ...
INFO:root:Refreshing ...
INFO:root:Refreshing ...
INFO:root:Refreshing ...
INFO:root:Article:Improving and Simplifying Pattern Exploiting Training
INFO:root:Article:Fantastically Ordered Prompts and Where to Find Them: Overcoming Few-Shot Prompt Order Sensitivity
INFO:root:Refreshing ...
INFO:root:Refreshing ...
INFO:root:Refreshing ...
INFO:root:Refreshing ...
INFO:root:Refreshing ...
INFO:root:Refreshing ...
INFO:root:Refreshing ...
INFO:root:Refreshing ...
INFO:root:Refreshing ...
INFO:root:Refreshing ...
INFO:root:Refreshing ...
INFO:root:Refreshing ...
INFO:root:Refreshing ...
INFO:root:Refreshing ...
INFO:root:Refreshing ...
INFO:root:Refreshing ...
INFO:root:Refreshing ...
INFO:root:Refreshing ...
INFO:root:Refreshing ...
INFO:root:Refreshing ...
INFO:root:Refreshing ...
INFO:root:Article:A Survey on Knowledge Graphs: Representation, Acquisition and Applications
WARNING:gtts.lang:'en-uk' has been deprecated, falling back to 'en'. This fallback will be removed in a future version.
WARNING:gtts.lang:'en-uk' has been deprecated, falling back to 'en'. This fallback will be removed in a future version.
WARNING:gtts.lang:'en-uk' has been deprecated, falling back to 'en'. This fallback will be removed in a future version.
WARNING:gtts.lang:'en-uk' has been deprecated, falling back to 'en'. This fallback will be removed in a future version.
WARNING:gtts.lang:'en-uk' has been deprecated, falling back to 'en'. This fallback will be removed in a future version.
WARNING:gtts.lang:'en-uk' has been deprecated, falling back to 'en'. This fallback will be removed in a future version.
WARNING:gtts.lang:'en-uk' has been deprecated, falling back to 'en'. This fallback will be removed in a future version.
WARNING:gtts.lang:'en-uk' has been deprecated, falling back to 'en'. This fallback will be removed in a future version.
WARNING:gtts.lang:'en-uk' has been deprecated, falling back to 'en'. This fallback will be removed in a future version.
WARNING:gtts.lang:'en-uk' has been deprecated, falling back to 'en'. This fallback will be removed in a future version.
INFO:root:Refreshing ...
INFO:root:========================= Starting program at 2025-11-15 10:52:46.120575
INFO:root:========================= Starting program at 24, 98
INFO:root:Refreshing ...
INFO:root:Refreshing ...
INFO:root:Refreshing ...
INFO:root:Refreshing ...
INFO:root:Refreshing ...
INFO:root:Refreshing ...
INFO:root:Refreshing ...
INFO:root:Article:Untitled
INFO:root:Refreshing ...
INFO:root:Refreshing ...
INFO:root:========================= Starting program at 2025-11-15 12:03:25.762916
INFO:root:========================= Starting program at 23, 98
INFO:root:Refreshing ...
INFO:root:========================= Starting program at 2025-11-15 18:29:03.240193
INFO:root:========================= Starting program at 23, 98
INFO:root:Refreshing ...
INFO:root:Refreshing ...
INFO:root:Refreshing ...
INFO:root:Article:Introducing NodCast: A Text-Based Reading Experience
INFO:root:Refreshing ...
INFO:root:Refreshing ...
